<html xmlns:math="http://exslt.org/math" xmlns:testng="http://testng.org">
   <head>
      <title>TestNG Results</title>
      <meta http-equiv="content-type" content="text/html; charset=utf-8"></meta>
      <meta http-equiv="pragma" content="no-cache"></meta>
      <meta http-equiv="cache-control" content="max-age=0"></meta>
      <meta http-equiv="cache-control" content="no-cache"></meta>
      <meta http-equiv="cache-control" content="no-store"></meta>
      <LINK rel="stylesheet" href="style.css"></LINK>
      <script type="text/javascript" src="main.js"></script>
   </head>
   <body>
      <table width="100%" style="font-size: 16px; margin-bottom: 10px;" cellspacing="1">
         <tr>
            <td width="100%">
               Test case
               
               <b>Create Lead Test</b>
            </td>
            <td style="background-color: #FFBBBB; padding: 3px 3px 3px 0;" align="center">
               <div style="width: 50px;">0</div>
            </td>
            <td style="background-color: lightgreen; padding: 3px 3px 3px 0;" align="center">
               <div style="width: 50px;">0</div>
            </td>
            <td style="background-color: #FFFFBB; padding: 3px 3px 3px 0;" align="center">
               <div style="width: 50px;">2</div>
            </td>
            <td align="center" style="background-color: #eaf0f7; padding: 3px 3px 3px 0;">
               <div style="width: 50px;">2</div>
            </td>
            <td align="center"
                style="font-weight: bold; background-color: #eaf0f7; padding: 3px 3px 3px 0;">
               <div style="width: 50px;">0%</div>
            </td>
            <td style="background-color: #eaf0f7; padding: 3px 3px 3px 0;" align="center"
                nowrap="true">22 ms
               
            </td>
         </tr>
      </table>
      <div style="width: 200px;">
         <label for="groupMethodsCheckBox" style="font-weight: bold; margin: 0;">
            <input id="groupMethodsCheckBox" type="checkbox" onclick="switchTestMethodsView(this)"></input>
            Group by class
            
         </label>
         <br></br>
         <label for="methodsFilter_ALL" style="font-weight: bold; margin: 0;">
            <input id="methodsFilter_ALL" type="checkbox"
                   onclick="testMethodsFilterChanged(this, 'ALL')"></input>
            All
            
         </label>
      </div>
      <label for="methodsFilter_FAIL" style="margin-left: 20px;">
         <input id="methodsFilter_FAIL" type="checkbox"
                onclick="testMethodsFilterChanged(this, 'FAIL')"
                checked=""></input>
         Failed
         
      </label>
      <label for="methodsFilter_PASS">
         <input id="methodsFilter_PASS" type="checkbox"
                onclick="testMethodsFilterChanged(this, 'PASS')"
                checked=""></input>
         Passed
         
      </label>
      <label for="methodsFilter_SKIP">
         <input id="methodsFilter_SKIP" type="checkbox"
                onclick="testMethodsFilterChanged(this, 'SKIP')"
                checked=""></input>
         Skipped
         
      </label>
      <label for="methodsFilter_CONF">
         <input id="methodsFilter_CONF" type="checkbox"
                onclick="testMethodsFilterChanged(this, 'CONF')"></input>
         Config
         
      </label>
      <br></br>
      <div id="testMethodsByStatus">
         <table class="testMethodsTable" cellpadding="0" cellspacing="0">
            <tr class="methodsTableHeader">
               <td width="100%">Name</td>
               <td nowrap="true">Started</td>
               <td nowrap="true">Duration</td>
               <td>Exception</td>
            </tr>
            <tr id="com.zoho.testcases.CreateLeadTest_quit_byStatus_failed_FAIL1_row"
                class="testMethodStatusFAIL testMethodStatusCONF">
               <td width="100%" class="firstMethodCell">
                  <a onclick="toggleDetailsVisibility('com.zoho.testcases.CreateLeadTest_quit_byStatus_failed_FAIL1_details')">quit()</a>
               </td>
               <td nowrap="true">07:14:19</td>
               <td nowrap="true" align="right">0 ms
                  
               </td>
               <td nowrap="true">
                  <a onclick="toggleDetailsVisibility('com.zoho.testcases.CreateLeadTest_quit_byStatus_failed_FAIL1_exception')">java.lang.NoClassDefFoundError: 
                     org/bson/types/ObjectId
                     
                  </a>
                   
                  
               </td>
            </tr>
            <tr>
               <td colspan="4" class="detailsBox">
                  <div id="com.zoho.testcases.CreateLeadTest_quit_byStatus_failed_FAIL1_details"
                       class="testMethodDetails">
                     <div>
                        <b>Name: </b>quit
                     </div>
                     <div>
                        <b>Signature: </b>quit()[pri:0, instance:com.zoho.testcases.CreateLeadTest@393671df]
                     </div>
                     <div>
                        <b>Start time: </b>07:14:19
                     </div>
                     <div>
                        <b>End time: </b>07:14:19
                     </div>
                     <div>
                        <b>Duration: </b>0 ms
                        
                     </div>
                  </div>
               </td>
            </tr>
            <tr>
               <td colspan="4" class="detailsBox">
                  <div id="com.zoho.testcases.CreateLeadTest_quit_byStatus_failed_FAIL1_exception"
                       class="testMethodDetails">
                     <pre style="padding: 5px; margin: 0;">java.lang.NoClassDefFoundError: org/bson/types/ObjectId
                        	at java.lang.Class.getDeclaredMethods0(Native Method)
                        	at java.lang.Class.privateGetDeclaredMethods(Class.java:2688)
                        	at java.lang.Class.privateGetPublicMethods(Class.java:2814)
                        	at java.lang.Class.getMethods(Class.java:1602)
                        	at freemarker.ext.beans.ClassIntrospector.discoverAccessibleMethods(ClassIntrospector.java:464)
                        	at freemarker.ext.beans.ClassIntrospector.discoverAccessibleMethods(ClassIntrospector.java:457)
                        	at freemarker.ext.beans.ClassIntrospector.createClassIntrospectionData(ClassIntrospector.java:268)
                        	at freemarker.ext.beans.ClassIntrospector.get(ClassIntrospector.java:244)
                        	at freemarker.ext.beans.BeanModel.&lt;init&gt;(BeanModel.java:114)
                        	at freemarker.ext.beans.BeanModel.&lt;init&gt;(BeanModel.java:104)
                        	at freemarker.ext.beans.StringModel.&lt;init&gt;(StringModel.java:52)
                        	at freemarker.ext.beans.StringModel$1.create(StringModel.java:37)
                        	at freemarker.ext.beans.BeansModelCache.create(BeansModelCache.java:71)
                        	at freemarker.ext.util.ModelCache.getInstance(ModelCache.java:84)
                        	at freemarker.ext.beans.BeansWrapper.wrap(BeansWrapper.java:860)
                        	at freemarker.template.DefaultObjectWrapper.handleUnknownType(DefaultObjectWrapper.java:235)
                        	at freemarker.template.DefaultObjectWrapper.wrap(DefaultObjectWrapper.java:214)
                        	at freemarker.template.WrappingTemplateModel.wrap(WrappingTemplateModel.java:105)
                        	at freemarker.template.DefaultListAdapter.get(DefaultListAdapter.java:75)
                        	at freemarker.core.DynamicKeyName.dealWithNumericalKey(DynamicKeyName.java:104)
                        	at freemarker.core.DynamicKeyName._eval(DynamicKeyName.java:69)
                        	at freemarker.core.Expression.eval(Expression.java:78)
                        	at freemarker.core.Assignment.accept(Assignment.java:131)
                        	at freemarker.core.Environment.visit(Environment.java:324)
                        	at freemarker.core.MixedContent.accept(MixedContent.java:54)
                        	at freemarker.core.Environment.visitByHiddingParent(Environment.java:345)
                        	at freemarker.core.ConditionalBlock.accept(ConditionalBlock.java:48)
                        	at freemarker.core.Environment.visit(Environment.java:324)
                        	at freemarker.core.MixedContent.accept(MixedContent.java:54)
                        	at freemarker.core.Environment.visit(Environment.java:324)
                        	at freemarker.core.Environment.process(Environment.java:302)
                        	at freemarker.template.Template.process(Template.java:325)
                        	at com.aventstack.extentreports.reporter.ExtentHtmlReporter.flush(ExtentHtmlReporter.java:142)
                        	at com.aventstack.extentreports.Report$$Lambda$140/1450500594.accept(Unknown Source)
                        	at java.util.ArrayList.forEach(ArrayList.java:1234)
                        	at com.aventstack.extentreports.Report.notifyReporters(Report.java:247)
                        	at com.aventstack.extentreports.Report.flush(Report.java:169)
                        	at com.aventstack.extentreports.ExtentReports.flush(ExtentReports.java:272)
                        	at com.zoho.testcases.base.BaseTest.quit(BaseTest.java:44)
                        	at sun.reflect.NativeMethodAccessorImpl.invoke0(Native Method)
                        	at sun.reflect.NativeMethodAccessorImpl.invoke(NativeMethodAccessorImpl.java:62)
                        	at sun.reflect.DelegatingMethodAccessorImpl.invoke(DelegatingMethodAccessorImpl.java:43)
                        	at java.lang.reflect.Method.invoke(Method.java:483)
                        	at org.testng.internal.MethodInvocationHelper.invokeMethod(MethodInvocationHelper.java:84)
                        	at org.testng.internal.Invoker.invokeConfigurationMethod(Invoker.java:564)
                        	at org.testng.internal.Invoker.invokeConfigurations(Invoker.java:213)
                        	at org.testng.internal.Invoker.invokeMethod(Invoker.java:786)
                        	at org.testng.internal.Invoker.invokeTestMethod(Invoker.java:901)
                        	at org.testng.internal.Invoker.invokeTestMethods(Invoker.java:1231)
                        	at org.testng.internal.TestMethodWorker.invokeTestMethods(TestMethodWorker.java:127)
                        	at org.testng.internal.TestMethodWorker.run(TestMethodWorker.java:111)
                        	at org.testng.TestRunner.privateRun(TestRunner.java:767)
                        	at org.testng.TestRunner.run(TestRunner.java:617)
                        	at org.testng.SuiteRunner.runTest(SuiteRunner.java:334)
                        	at org.testng.SuiteRunner.runSequentially(SuiteRunner.java:329)
                        	at org.testng.SuiteRunner.privateRun(SuiteRunner.java:291)
                        	at org.testng.SuiteRunner.run(SuiteRunner.java:240)
                        	at org.testng.SuiteRunnerWorker.runSuite(SuiteRunnerWorker.java:52)
                        	at org.testng.SuiteRunnerWorker.run(SuiteRunnerWorker.java:86)
                        	at org.testng.TestNG.runSuitesSequentially(TestNG.java:1224)
                        	at org.testng.TestNG.runSuitesLocally(TestNG.java:1149)
                        	at org.testng.TestNG.run(TestNG.java:1057)
                        	at org.testng.TestNG.privateMain(TestNG.java:1364)
                        	at org.testng.TestNG.main(TestNG.java:1333)
                        Caused by: java.lang.ClassNotFoundException: org.bson.types.ObjectId
                        	at java.net.URLClassLoader$1.run(URLClassLoader.java:372)
                        	at java.net.URLClassLoader$1.run(URLClassLoader.java:361)
                        	at java.security.AccessController.doPrivileged(Native Method)
                        	at java.net.URLClassLoader.findClass(URLClassLoader.java:360)
                        	at java.lang.ClassLoader.loadClass(ClassLoader.java:424)
                        	at sun.misc.Launcher$AppClassLoader.loadClass(Launcher.java:308)
                        	at java.lang.ClassLoader.loadClass(ClassLoader.java:357)
                        	... 64 more
                     </pre>
                  </div>
               </td>
            </tr>
            <tr id="com.zoho.testcases.CreateLeadTest_init_byStatus_passed_PASS1_row"
                class="testMethodStatusPASS testMethodStatusCONF">
               <td width="100%" class="firstMethodCell">
                  <a onclick="toggleDetailsVisibility('com.zoho.testcases.CreateLeadTest_init_byStatus_passed_PASS1_details')">init()</a>
               </td>
               <td nowrap="true">07:14:19</td>
               <td nowrap="true" align="right">0 ms
                  
               </td>
               <td nowrap="true">
                   
                  
               </td>
            </tr>
            <tr>
               <td colspan="4" class="detailsBox">
                  <div id="com.zoho.testcases.CreateLeadTest_init_byStatus_passed_PASS1_details"
                       class="testMethodDetails">
                     <div>
                        <b>Name: </b>init
                     </div>
                     <div>
                        <b>Signature: </b>init()[pri:0, instance:com.zoho.testcases.CreateLeadTest@393671df]
                     </div>
                     <div>
                        <b>Start time: </b>07:14:19
                     </div>
                     <div>
                        <b>End time: </b>07:14:19
                     </div>
                     <div>
                        <b>Duration: </b>0 ms
                        
                     </div>
                  </div>
               </td>
            </tr>
            <tr></tr>
            <tr id="com.zoho.testcases.CreateLeadTest_createLead_byStatus_skiped_SKIP1_row"
                class="testMethodStatusSKIP">
               <td width="100%" class="firstMethodCell">
                  <a onclick="toggleDetailsVisibility('com.zoho.testcases.CreateLeadTest_createLead_byStatus_skiped_SKIP1_details')">createLead(Y
                     
                     ,
                     
                     Chrome
                     
                     ,
                     
                     Ashish
                     
                     ,
                     
                     Thakur
                     
                     ,
                     
                     Whizdom Trainings)
                  </a>
               </td>
               <td nowrap="true">07:14:19</td>
               <td nowrap="true" align="right">1 ms
                  
               </td>
               <td nowrap="true">
                  <a onclick="toggleDetailsVisibility('com.zoho.testcases.CreateLeadTest_createLead_byStatus_skiped_SKIP1_exception')">org.testng.SkipException: 
                     Skipping the test as runmode is N
                     
                  </a>
                   
                  
               </td>
            </tr>
            <tr>
               <td colspan="4" class="detailsBox">
                  <div id="com.zoho.testcases.CreateLeadTest_createLead_byStatus_skiped_SKIP1_details"
                       class="testMethodDetails">
                     <div>
                        <b>Name: </b>createLead
                     </div>
                     <div>
                        <b>Signature: </b>createLead(java.lang.String, java.lang.String, java.lang.String, java.lang.String, java.lang.String)[pri:0, instance:com.zoho.testcases.CreateLeadTest@393671df]
                     </div>
                     <div>
                        <b>Parameters: </b>
                        
                        Y
                        
                        ,
                        
                        Chrome
                        
                        ,
                        
                        Ashish
                        
                        ,
                        
                        Thakur
                        
                        ,
                        
                        Whizdom Trainings
                        
                        
                     </div>
                     <div>
                        <b>Start time: </b>07:14:19
                     </div>
                     <div>
                        <b>End time: </b>07:14:19
                     </div>
                     <div>
                        <b>Duration: </b>1 ms
                        
                     </div>
                  </div>
               </td>
            </tr>
            <tr>
               <td colspan="4" class="detailsBox">
                  <div id="com.zoho.testcases.CreateLeadTest_createLead_byStatus_skiped_SKIP1_exception"
                       class="testMethodDetails">
                     <pre style="padding: 5px; margin: 0;">org.testng.SkipException: Skipping the test as runmode is N
                        	at com.zoho.testcases.CreateLeadTest.createLead(CreateLeadTest.java:29)
                        	at sun.reflect.NativeMethodAccessorImpl.invoke0(Native Method)
                        	at sun.reflect.NativeMethodAccessorImpl.invoke(NativeMethodAccessorImpl.java:62)
                        	at sun.reflect.DelegatingMethodAccessorImpl.invoke(DelegatingMethodAccessorImpl.java:43)
                        	at java.lang.reflect.Method.invoke(Method.java:483)
                        	at org.testng.internal.MethodInvocationHelper.invokeMethod(MethodInvocationHelper.java:84)
                        	at org.testng.internal.Invoker.invokeMethod(Invoker.java:714)
                        	at org.testng.internal.Invoker.invokeTestMethod(Invoker.java:901)
                        	at org.testng.internal.Invoker.invokeTestMethods(Invoker.java:1231)
                        	at org.testng.internal.TestMethodWorker.invokeTestMethods(TestMethodWorker.java:127)
                        	at org.testng.internal.TestMethodWorker.run(TestMethodWorker.java:111)
                        	at org.testng.TestRunner.privateRun(TestRunner.java:767)
                        	at org.testng.TestRunner.run(TestRunner.java:617)
                        	at org.testng.SuiteRunner.runTest(SuiteRunner.java:334)
                        	at org.testng.SuiteRunner.runSequentially(SuiteRunner.java:329)
                        	at org.testng.SuiteRunner.privateRun(SuiteRunner.java:291)
                        	at org.testng.SuiteRunner.run(SuiteRunner.java:240)
                        	at org.testng.SuiteRunnerWorker.runSuite(SuiteRunnerWorker.java:52)
                        	at org.testng.SuiteRunnerWorker.run(SuiteRunnerWorker.java:86)
                        	at org.testng.TestNG.runSuitesSequentially(TestNG.java:1224)
                        	at org.testng.TestNG.runSuitesLocally(TestNG.java:1149)
                        	at org.testng.TestNG.run(TestNG.java:1057)
                        	at org.testng.TestNG.privateMain(TestNG.java:1364)
                        	at org.testng.TestNG.main(TestNG.java:1333)
                     </pre>
                  </div>
               </td>
            </tr>
            <tr id="com.zoho.testcases.CreateLeadTest_createLead_byStatus_skiped_SKIP2_row"
                class="testMethodStatusSKIP">
               <td width="100%" class="firstMethodCell">
                  <a onclick="toggleDetailsVisibility('com.zoho.testcases.CreateLeadTest_createLead_byStatus_skiped_SKIP2_details')">createLead(N
                     
                     ,
                     
                     Mozilla
                     
                     ,
                     
                     Abhishek
                     
                     ,
                     
                     Puri
                     
                     ,
                     
                     Whizdom Trainings)
                  </a>
               </td>
               <td nowrap="true">07:14:19</td>
               <td nowrap="true" align="right">1 ms
                  
               </td>
               <td nowrap="true">
                   
                  
               </td>
            </tr>
            <tr>
               <td colspan="4" class="detailsBox">
                  <div id="com.zoho.testcases.CreateLeadTest_createLead_byStatus_skiped_SKIP2_details"
                       class="testMethodDetails">
                     <div>
                        <b>Name: </b>createLead
                     </div>
                     <div>
                        <b>Signature: </b>createLead(java.lang.String, java.lang.String, java.lang.String, java.lang.String, java.lang.String)[pri:0, instance:com.zoho.testcases.CreateLeadTest@393671df]
                     </div>
                     <div>
                        <b>Parameters: </b>
                        
                        N
                        
                        ,
                        
                        Mozilla
                        
                        ,
                        
                        Abhishek
                        
                        ,
                        
                        Puri
                        
                        ,
                        
                        Whizdom Trainings
                        
                        
                     </div>
                     <div>
                        <b>Start time: </b>07:14:19
                     </div>
                     <div>
                        <b>End time: </b>07:14:19
                     </div>
                     <div>
                        <b>Duration: </b>1 ms
                        
                     </div>
                  </div>
               </td>
            </tr>
            <tr></tr>
            <tr id="com.zoho.testcases.CreateLeadTest_init_byStatus_skiped_SKIP3_row"
                class="testMethodStatusSKIP testMethodStatusCONF">
               <td width="100%" class="firstMethodCell">
                  <a onclick="toggleDetailsVisibility('com.zoho.testcases.CreateLeadTest_init_byStatus_skiped_SKIP3_details')">init()</a>
               </td>
               <td nowrap="true">07:14:19</td>
               <td nowrap="true" align="right">0 ms
                  
               </td>
               <td nowrap="true">
                   
                  
               </td>
            </tr>
            <tr>
               <td colspan="4" class="detailsBox">
                  <div id="com.zoho.testcases.CreateLeadTest_init_byStatus_skiped_SKIP3_details"
                       class="testMethodDetails">
                     <div>
                        <b>Name: </b>init
                     </div>
                     <div>
                        <b>Signature: </b>init()[pri:0, instance:com.zoho.testcases.CreateLeadTest@393671df]
                     </div>
                     <div>
                        <b>Start time: </b>07:14:19
                     </div>
                     <div>
                        <b>End time: </b>07:14:19
                     </div>
                     <div>
                        <b>Duration: </b>0 ms
                        
                     </div>
                  </div>
               </td>
            </tr>
            <tr></tr>
            <tr id="com.zoho.testcases.CreateLeadTest_quit_byStatus_skiped_SKIP4_row"
                class="testMethodStatusSKIP testMethodStatusCONF">
               <td width="100%" class="firstMethodCell">
                  <a onclick="toggleDetailsVisibility('com.zoho.testcases.CreateLeadTest_quit_byStatus_skiped_SKIP4_details')">quit()</a>
               </td>
               <td nowrap="true">07:14:19</td>
               <td nowrap="true" align="right">0 ms
                  
               </td>
               <td nowrap="true">
                   
                  
               </td>
            </tr>
            <tr>
               <td colspan="4" class="detailsBox">
                  <div id="com.zoho.testcases.CreateLeadTest_quit_byStatus_skiped_SKIP4_details"
                       class="testMethodDetails">
                     <div>
                        <b>Name: </b>quit
                     </div>
                     <div>
                        <b>Signature: </b>quit()[pri:0, instance:com.zoho.testcases.CreateLeadTest@393671df]
                     </div>
                     <div>
                        <b>Start time: </b>07:14:19
                     </div>
                     <div>
                        <b>End time: </b>07:14:19
                     </div>
                     <div>
                        <b>Duration: </b>0 ms
                        
                     </div>
                  </div>
               </td>
            </tr>
            <tr></tr>
         </table>
      </div>
      <div id="testMethodsByClass" style="display: none;">
         <table class="testMethodsTable" cellpadding="0" cellspacing="0">
            <tr>
               <td colspan="4">
                  <h3 style="display: inline;">com.zoho.testcases.CreateLeadTest</h3>
               </td>
            </tr>
            <tr class="methodsTableHeader">
               <td width="100%">Name</td>
               <td nowrap="true">Started</td>
               <td nowrap="true">Duration</td>
               <td>Exception</td>
            </tr>
            <tr id="com.zoho.testcases.CreateLeadTest_init_byClass_PASS1_row"
                class="testMethodStatusPASS testMethodStatusCONF">
               <td width="100%" class="firstMethodCell">
                  <a onclick="toggleDetailsVisibility('com.zoho.testcases.CreateLeadTest_init_byClass_PASS1_details')">init()</a>
               </td>
               <td nowrap="true">07:14:19</td>
               <td nowrap="true" align="right">0 ms
                  
               </td>
               <td nowrap="true">
                   
                  
               </td>
            </tr>
            <tr>
               <td colspan="4" class="detailsBox">
                  <div id="com.zoho.testcases.CreateLeadTest_init_byClass_PASS1_details"
                       class="testMethodDetails">
                     <div>
                        <b>Name: </b>init
                     </div>
                     <div>
                        <b>Signature: </b>init()[pri:0, instance:com.zoho.testcases.CreateLeadTest@393671df]
                     </div>
                     <div>
                        <b>Start time: </b>07:14:19
                     </div>
                     <div>
                        <b>End time: </b>07:14:19
                     </div>
                     <div>
                        <b>Duration: </b>0 ms
                        
                     </div>
                  </div>
               </td>
            </tr>
            <tr></tr>
            <tr id="com.zoho.testcases.CreateLeadTest_createLead_byClass_SKIP2_row"
                class="testMethodStatusSKIP">
               <td width="100%" class="firstMethodCell">
                  <a onclick="toggleDetailsVisibility('com.zoho.testcases.CreateLeadTest_createLead_byClass_SKIP2_details')">createLead(Y
                     
                     ,
                     
                     Chrome
                     
                     ,
                     
                     Ashish
                     
                     ,
                     
                     Thakur
                     
                     ,
                     
                     Whizdom Trainings)
                  </a>
               </td>
               <td nowrap="true">07:14:19</td>
               <td nowrap="true" align="right">1 ms
                  
               </td>
               <td nowrap="true">
                  <a onclick="toggleDetailsVisibility('com.zoho.testcases.CreateLeadTest_createLead_byClass_SKIP2_exception')">org.testng.SkipException: 
                     Skipping the test as runmode is N
                     
                  </a>
                   
                  
               </td>
            </tr>
            <tr>
               <td colspan="4" class="detailsBox">
                  <div id="com.zoho.testcases.CreateLeadTest_createLead_byClass_SKIP2_details"
                       class="testMethodDetails">
                     <div>
                        <b>Name: </b>createLead
                     </div>
                     <div>
                        <b>Signature: </b>createLead(java.lang.String, java.lang.String, java.lang.String, java.lang.String, java.lang.String)[pri:0, instance:com.zoho.testcases.CreateLeadTest@393671df]
                     </div>
                     <div>
                        <b>Parameters: </b>
                        
                        Y
                        
                        ,
                        
                        Chrome
                        
                        ,
                        
                        Ashish
                        
                        ,
                        
                        Thakur
                        
                        ,
                        
                        Whizdom Trainings
                        
                        
                     </div>
                     <div>
                        <b>Start time: </b>07:14:19
                     </div>
                     <div>
                        <b>End time: </b>07:14:19
                     </div>
                     <div>
                        <b>Duration: </b>1 ms
                        
                     </div>
                  </div>
               </td>
            </tr>
            <tr>
               <td colspan="4" class="detailsBox">
                  <div id="com.zoho.testcases.CreateLeadTest_createLead_byClass_SKIP2_exception"
                       class="testMethodDetails">
                     <pre style="padding: 5px; margin: 0;">org.testng.SkipException: Skipping the test as runmode is N
                        	at com.zoho.testcases.CreateLeadTest.createLead(CreateLeadTest.java:29)
                        	at sun.reflect.NativeMethodAccessorImpl.invoke0(Native Method)
                        	at sun.reflect.NativeMethodAccessorImpl.invoke(NativeMethodAccessorImpl.java:62)
                        	at sun.reflect.DelegatingMethodAccessorImpl.invoke(DelegatingMethodAccessorImpl.java:43)
                        	at java.lang.reflect.Method.invoke(Method.java:483)
                        	at org.testng.internal.MethodInvocationHelper.invokeMethod(MethodInvocationHelper.java:84)
                        	at org.testng.internal.Invoker.invokeMethod(Invoker.java:714)
                        	at org.testng.internal.Invoker.invokeTestMethod(Invoker.java:901)
                        	at org.testng.internal.Invoker.invokeTestMethods(Invoker.java:1231)
                        	at org.testng.internal.TestMethodWorker.invokeTestMethods(TestMethodWorker.java:127)
                        	at org.testng.internal.TestMethodWorker.run(TestMethodWorker.java:111)
                        	at org.testng.TestRunner.privateRun(TestRunner.java:767)
                        	at org.testng.TestRunner.run(TestRunner.java:617)
                        	at org.testng.SuiteRunner.runTest(SuiteRunner.java:334)
                        	at org.testng.SuiteRunner.runSequentially(SuiteRunner.java:329)
                        	at org.testng.SuiteRunner.privateRun(SuiteRunner.java:291)
                        	at org.testng.SuiteRunner.run(SuiteRunner.java:240)
                        	at org.testng.SuiteRunnerWorker.runSuite(SuiteRunnerWorker.java:52)
                        	at org.testng.SuiteRunnerWorker.run(SuiteRunnerWorker.java:86)
                        	at org.testng.TestNG.runSuitesSequentially(TestNG.java:1224)
                        	at org.testng.TestNG.runSuitesLocally(TestNG.java:1149)
                        	at org.testng.TestNG.run(TestNG.java:1057)
                        	at org.testng.TestNG.privateMain(TestNG.java:1364)
                        	at org.testng.TestNG.main(TestNG.java:1333)
                     </pre>
                  </div>
               </td>
            </tr>
            <tr id="com.zoho.testcases.CreateLeadTest_quit_byClass_FAIL3_row"
                class="testMethodStatusFAIL testMethodStatusCONF">
               <td width="100%" class="firstMethodCell">
                  <a onclick="toggleDetailsVisibility('com.zoho.testcases.CreateLeadTest_quit_byClass_FAIL3_details')">quit()</a>
               </td>
               <td nowrap="true">07:14:19</td>
               <td nowrap="true" align="right">0 ms
                  
               </td>
               <td nowrap="true">
                  <a onclick="toggleDetailsVisibility('com.zoho.testcases.CreateLeadTest_quit_byClass_FAIL3_exception')">java.lang.NoClassDefFoundError: 
                     org/bson/types/ObjectId
                     
                  </a>
                   
                  
               </td>
            </tr>
            <tr>
               <td colspan="4" class="detailsBox">
                  <div id="com.zoho.testcases.CreateLeadTest_quit_byClass_FAIL3_details"
                       class="testMethodDetails">
                     <div>
                        <b>Name: </b>quit
                     </div>
                     <div>
                        <b>Signature: </b>quit()[pri:0, instance:com.zoho.testcases.CreateLeadTest@393671df]
                     </div>
                     <div>
                        <b>Start time: </b>07:14:19
                     </div>
                     <div>
                        <b>End time: </b>07:14:19
                     </div>
                     <div>
                        <b>Duration: </b>0 ms
                        
                     </div>
                  </div>
               </td>
            </tr>
            <tr>
               <td colspan="4" class="detailsBox">
                  <div id="com.zoho.testcases.CreateLeadTest_quit_byClass_FAIL3_exception"
                       class="testMethodDetails">
                     <pre style="padding: 5px; margin: 0;">java.lang.NoClassDefFoundError: org/bson/types/ObjectId
                        	at java.lang.Class.getDeclaredMethods0(Native Method)
                        	at java.lang.Class.privateGetDeclaredMethods(Class.java:2688)
                        	at java.lang.Class.privateGetPublicMethods(Class.java:2814)
                        	at java.lang.Class.getMethods(Class.java:1602)
                        	at freemarker.ext.beans.ClassIntrospector.discoverAccessibleMethods(ClassIntrospector.java:464)
                        	at freemarker.ext.beans.ClassIntrospector.discoverAccessibleMethods(ClassIntrospector.java:457)
                        	at freemarker.ext.beans.ClassIntrospector.createClassIntrospectionData(ClassIntrospector.java:268)
                        	at freemarker.ext.beans.ClassIntrospector.get(ClassIntrospector.java:244)
                        	at freemarker.ext.beans.BeanModel.&lt;init&gt;(BeanModel.java:114)
                        	at freemarker.ext.beans.BeanModel.&lt;init&gt;(BeanModel.java:104)
                        	at freemarker.ext.beans.StringModel.&lt;init&gt;(StringModel.java:52)
                        	at freemarker.ext.beans.StringModel$1.create(StringModel.java:37)
                        	at freemarker.ext.beans.BeansModelCache.create(BeansModelCache.java:71)
                        	at freemarker.ext.util.ModelCache.getInstance(ModelCache.java:84)
                        	at freemarker.ext.beans.BeansWrapper.wrap(BeansWrapper.java:860)
                        	at freemarker.template.DefaultObjectWrapper.handleUnknownType(DefaultObjectWrapper.java:235)
                        	at freemarker.template.DefaultObjectWrapper.wrap(DefaultObjectWrapper.java:214)
                        	at freemarker.template.WrappingTemplateModel.wrap(WrappingTemplateModel.java:105)
                        	at freemarker.template.DefaultListAdapter.get(DefaultListAdapter.java:75)
                        	at freemarker.core.DynamicKeyName.dealWithNumericalKey(DynamicKeyName.java:104)
                        	at freemarker.core.DynamicKeyName._eval(DynamicKeyName.java:69)
                        	at freemarker.core.Expression.eval(Expression.java:78)
                        	at freemarker.core.Assignment.accept(Assignment.java:131)
                        	at freemarker.core.Environment.visit(Environment.java:324)
                        	at freemarker.core.MixedContent.accept(MixedContent.java:54)
                        	at freemarker.core.Environment.visitByHiddingParent(Environment.java:345)
                        	at freemarker.core.ConditionalBlock.accept(ConditionalBlock.java:48)
                        	at freemarker.core.Environment.visit(Environment.java:324)
                        	at freemarker.core.MixedContent.accept(MixedContent.java:54)
                        	at freemarker.core.Environment.visit(Environment.java:324)
                        	at freemarker.core.Environment.process(Environment.java:302)
                        	at freemarker.template.Template.process(Template.java:325)
                        	at com.aventstack.extentreports.reporter.ExtentHtmlReporter.flush(ExtentHtmlReporter.java:142)
                        	at com.aventstack.extentreports.Report$$Lambda$140/1450500594.accept(Unknown Source)
                        	at java.util.ArrayList.forEach(ArrayList.java:1234)
                        	at com.aventstack.extentreports.Report.notifyReporters(Report.java:247)
                        	at com.aventstack.extentreports.Report.flush(Report.java:169)
                        	at com.aventstack.extentreports.ExtentReports.flush(ExtentReports.java:272)
                        	at com.zoho.testcases.base.BaseTest.quit(BaseTest.java:44)
                        	at sun.reflect.NativeMethodAccessorImpl.invoke0(Native Method)
                        	at sun.reflect.NativeMethodAccessorImpl.invoke(NativeMethodAccessorImpl.java:62)
                        	at sun.reflect.DelegatingMethodAccessorImpl.invoke(DelegatingMethodAccessorImpl.java:43)
                        	at java.lang.reflect.Method.invoke(Method.java:483)
                        	at org.testng.internal.MethodInvocationHelper.invokeMethod(MethodInvocationHelper.java:84)
                        	at org.testng.internal.Invoker.invokeConfigurationMethod(Invoker.java:564)
                        	at org.testng.internal.Invoker.invokeConfigurations(Invoker.java:213)
                        	at org.testng.internal.Invoker.invokeMethod(Invoker.java:786)
                        	at org.testng.internal.Invoker.invokeTestMethod(Invoker.java:901)
                        	at org.testng.internal.Invoker.invokeTestMethods(Invoker.java:1231)
                        	at org.testng.internal.TestMethodWorker.invokeTestMethods(TestMethodWorker.java:127)
                        	at org.testng.internal.TestMethodWorker.run(TestMethodWorker.java:111)
                        	at org.testng.TestRunner.privateRun(TestRunner.java:767)
                        	at org.testng.TestRunner.run(TestRunner.java:617)
                        	at org.testng.SuiteRunner.runTest(SuiteRunner.java:334)
                        	at org.testng.SuiteRunner.runSequentially(SuiteRunner.java:329)
                        	at org.testng.SuiteRunner.privateRun(SuiteRunner.java:291)
                        	at org.testng.SuiteRunner.run(SuiteRunner.java:240)
                        	at org.testng.SuiteRunnerWorker.runSuite(SuiteRunnerWorker.java:52)
                        	at org.testng.SuiteRunnerWorker.run(SuiteRunnerWorker.java:86)
                        	at org.testng.TestNG.runSuitesSequentially(TestNG.java:1224)
                        	at org.testng.TestNG.runSuitesLocally(TestNG.java:1149)
                        	at org.testng.TestNG.run(TestNG.java:1057)
                        	at org.testng.TestNG.privateMain(TestNG.java:1364)
                        	at org.testng.TestNG.main(TestNG.java:1333)
                        Caused by: java.lang.ClassNotFoundException: org.bson.types.ObjectId
                        	at java.net.URLClassLoader$1.run(URLClassLoader.java:372)
                        	at java.net.URLClassLoader$1.run(URLClassLoader.java:361)
                        	at java.security.AccessController.doPrivileged(Native Method)
                        	at java.net.URLClassLoader.findClass(URLClassLoader.java:360)
                        	at java.lang.ClassLoader.loadClass(ClassLoader.java:424)
                        	at sun.misc.Launcher$AppClassLoader.loadClass(Launcher.java:308)
                        	at java.lang.ClassLoader.loadClass(ClassLoader.java:357)
                        	... 64 more
                     </pre>
                  </div>
               </td>
            </tr>
            <tr id="com.zoho.testcases.CreateLeadTest_createLead_byClass_SKIP4_row"
                class="testMethodStatusSKIP">
               <td width="100%" class="firstMethodCell">
                  <a onclick="toggleDetailsVisibility('com.zoho.testcases.CreateLeadTest_createLead_byClass_SKIP4_details')">createLead(N
                     
                     ,
                     
                     Mozilla
                     
                     ,
                     
                     Abhishek
                     
                     ,
                     
                     Puri
                     
                     ,
                     
                     Whizdom Trainings)
                  </a>
               </td>
               <td nowrap="true">07:14:19</td>
               <td nowrap="true" align="right">1 ms
                  
               </td>
               <td nowrap="true">
                   
                  
               </td>
            </tr>
            <tr>
               <td colspan="4" class="detailsBox">
                  <div id="com.zoho.testcases.CreateLeadTest_createLead_byClass_SKIP4_details"
                       class="testMethodDetails">
                     <div>
                        <b>Name: </b>createLead
                     </div>
                     <div>
                        <b>Signature: </b>createLead(java.lang.String, java.lang.String, java.lang.String, java.lang.String, java.lang.String)[pri:0, instance:com.zoho.testcases.CreateLeadTest@393671df]
                     </div>
                     <div>
                        <b>Parameters: </b>
                        
                        N
                        
                        ,
                        
                        Mozilla
                        
                        ,
                        
                        Abhishek
                        
                        ,
                        
                        Puri
                        
                        ,
                        
                        Whizdom Trainings
                        
                        
                     </div>
                     <div>
                        <b>Start time: </b>07:14:19
                     </div>
                     <div>
                        <b>End time: </b>07:14:19
                     </div>
                     <div>
                        <b>Duration: </b>1 ms
                        
                     </div>
                  </div>
               </td>
            </tr>
            <tr></tr>
            <tr id="com.zoho.testcases.CreateLeadTest_init_byClass_SKIP5_row"
                class="testMethodStatusSKIP testMethodStatusCONF">
               <td width="100%" class="firstMethodCell">
                  <a onclick="toggleDetailsVisibility('com.zoho.testcases.CreateLeadTest_init_byClass_SKIP5_details')">init()</a>
               </td>
               <td nowrap="true">07:14:19</td>
               <td nowrap="true" align="right">0 ms
                  
               </td>
               <td nowrap="true">
                   
                  
               </td>
            </tr>
            <tr>
               <td colspan="4" class="detailsBox">
                  <div id="com.zoho.testcases.CreateLeadTest_init_byClass_SKIP5_details"
                       class="testMethodDetails">
                     <div>
                        <b>Name: </b>init
                     </div>
                     <div>
                        <b>Signature: </b>init()[pri:0, instance:com.zoho.testcases.CreateLeadTest@393671df]
                     </div>
                     <div>
                        <b>Start time: </b>07:14:19
                     </div>
                     <div>
                        <b>End time: </b>07:14:19
                     </div>
                     <div>
                        <b>Duration: </b>0 ms
                        
                     </div>
                  </div>
               </td>
            </tr>
            <tr></tr>
            <tr id="com.zoho.testcases.CreateLeadTest_quit_byClass_SKIP6_row"
                class="testMethodStatusSKIP testMethodStatusCONF">
               <td width="100%" class="firstMethodCell">
                  <a onclick="toggleDetailsVisibility('com.zoho.testcases.CreateLeadTest_quit_byClass_SKIP6_details')">quit()</a>
               </td>
               <td nowrap="true">07:14:19</td>
               <td nowrap="true" align="right">0 ms
                  
               </td>
               <td nowrap="true">
                   
                  
               </td>
            </tr>
            <tr>
               <td colspan="4" class="detailsBox">
                  <div id="com.zoho.testcases.CreateLeadTest_quit_byClass_SKIP6_details"
                       class="testMethodDetails">
                     <div>
                        <b>Name: </b>quit
                     </div>
                     <div>
                        <b>Signature: </b>quit()[pri:0, instance:com.zoho.testcases.CreateLeadTest@393671df]
                     </div>
                     <div>
                        <b>Start time: </b>07:14:19
                     </div>
                     <div>
                        <b>End time: </b>07:14:19
                     </div>
                     <div>
                        <b>Duration: </b>0 ms
                        
                     </div>
                  </div>
               </td>
            </tr>
            <tr></tr>
         </table>
         <br></br>
      </div>
      <div style="margin-top: 15px; color: gray; text-align: center; font-size: 9px;">
         Generated with
         
         <a href="http://code.google.com/p/testng-xslt/" style="color: #8888aa;"
            target="_blank">
            TestNG XSLT
            
         </a>
      </div>
   </body>
</html>